2021-08-19 09:40:39.280  INFO 7236 --- [main] com.CommunityApplication                 : Starting CommunityApplication v1.0.0 using Java 1.8.0_121 on LAPTOP-ECT3O5AM with PID 7236 (D:\Project\Java_Project\community\community\target\community-1.0.0.jar started by Himma in D:\Project\Java_Project\community\community\target)
2021-08-19 09:40:39.283  INFO 7236 --- [main] com.CommunityApplication                 : No active profile set, falling back to default profiles: default
2021-08-19 09:40:41.759  INFO 7236 --- [main] o.s.b.w.embedded.tomcat.TomcatWebServer  : Tomcat initialized with port(s): 8081 (http)
2021-08-19 09:40:41.772  INFO 7236 --- [main] o.apache.catalina.core.StandardService   : Starting service [Tomcat]
2021-08-19 09:40:41.773  INFO 7236 --- [main] org.apache.catalina.core.StandardEngine  : Starting Servlet engine: [Apache Tomcat/9.0.46]
2021-08-19 09:40:41.844  INFO 7236 --- [main] o.a.c.c.C.[Tomcat].[localhost].[/]       : Initializing Spring embedded WebApplicationContext
2021-08-19 09:40:41.845  INFO 7236 --- [main] w.s.c.ServletWebServerApplicationContext : Root WebApplicationContext: initialization completed in 2495 ms
2021-08-19 09:40:42.808  INFO 7236 --- [main] o.s.b.a.w.s.WelcomePageHandlerMapping    : Adding welcome page template: index
2021-08-19 09:40:43.060  INFO 7236 --- [main] o.s.b.w.embedded.tomcat.TomcatWebServer  : Tomcat started on port(s): 8081 (http) with context path ''
2021-08-19 09:40:43.074  INFO 7236 --- [main] com.CommunityApplication                 : Started CommunityApplication in 4.295 seconds (JVM running for 4.786)
2021-08-19 09:40:43.076  INFO 7236 --- [main] o.s.b.a.ApplicationAvailabilityBean      : Application availability state LivenessState changed to CORRECT
2021-08-19 09:40:43.078  INFO 7236 --- [main] o.s.b.a.ApplicationAvailabilityBean      : Application availability state ReadinessState changed to ACCEPTING_TRAFFIC
2021-08-19 09:41:07.698  INFO 7236 --- [http-nio-8081-exec-1] o.a.c.c.C.[Tomcat].[localhost].[/]       : Initializing Spring DispatcherServlet 'dispatcherServlet'
2021-08-19 09:41:07.698  INFO 7236 --- [http-nio-8081-exec-1] o.s.web.servlet.DispatcherServlet        : Initializing Servlet 'dispatcherServlet'
2021-08-19 09:41:07.700  INFO 7236 --- [http-nio-8081-exec-1] o.s.web.servlet.DispatcherServlet        : Completed initialization in 1 ms
2021-08-19 09:41:07.776  INFO 7236 --- [http-nio-8081-exec-1] com.zaxxer.hikari.HikariDataSource       : HikariPool-1 - Starting...
2021-08-19 09:41:08.249  INFO 7236 --- [http-nio-8081-exec-1] com.zaxxer.hikari.HikariDataSource       : HikariPool-1 - Start completed.
2021-08-19 09:41:08.261 DEBUG 7236 --- [http-nio-8081-exec-1] c.m.QuestionExtMapper.countBySearch      : ==>  Preparing: select count(*) from question 
2021-08-19 09:41:08.291 DEBUG 7236 --- [http-nio-8081-exec-1] c.m.QuestionExtMapper.countBySearch      : ==> Parameters: 
2021-08-19 09:41:08.317 DEBUG 7236 --- [http-nio-8081-exec-1] c.m.QuestionExtMapper.countBySearch      : <==      Total: 1
2021-08-19 09:41:08.325 DEBUG 7236 --- [http-nio-8081-exec-1] c.m.QuestionExtMapper.selectBySearch     : ==>  Preparing: select * from question order by gmt_create desc limit ?,? 
2021-08-19 09:41:08.326 DEBUG 7236 --- [http-nio-8081-exec-1] c.m.QuestionExtMapper.selectBySearch     : ==> Parameters: 0(Integer), 5(Integer)
2021-08-19 09:41:08.336 DEBUG 7236 --- [http-nio-8081-exec-1] c.m.QuestionExtMapper.selectBySearch     : <==      Total: 5
2021-08-19 09:41:08.337 DEBUG 7236 --- [http-nio-8081-exec-1] c.mapper.UserMapper.selectByPrimaryKey   : ==>  Preparing: select id, account_id, name, token, gmt_create, gmt_modified, avatar_url from user where id = ? 
2021-08-19 09:41:08.337 DEBUG 7236 --- [http-nio-8081-exec-1] c.mapper.UserMapper.selectByPrimaryKey   : ==> Parameters: 1(Long)
2021-08-19 09:41:08.342 DEBUG 7236 --- [http-nio-8081-exec-1] c.mapper.UserMapper.selectByPrimaryKey   : <==      Total: 1
2021-08-19 09:41:08.348 DEBUG 7236 --- [http-nio-8081-exec-1] c.mapper.UserMapper.selectByPrimaryKey   : ==>  Preparing: select id, account_id, name, token, gmt_create, gmt_modified, avatar_url from user where id = ? 
2021-08-19 09:41:08.348 DEBUG 7236 --- [http-nio-8081-exec-1] c.mapper.UserMapper.selectByPrimaryKey   : ==> Parameters: 1(Long)
2021-08-19 09:41:08.350 DEBUG 7236 --- [http-nio-8081-exec-1] c.mapper.UserMapper.selectByPrimaryKey   : <==      Total: 1
2021-08-19 09:41:08.350 DEBUG 7236 --- [http-nio-8081-exec-1] c.mapper.UserMapper.selectByPrimaryKey   : ==>  Preparing: select id, account_id, name, token, gmt_create, gmt_modified, avatar_url from user where id = ? 
2021-08-19 09:41:08.351 DEBUG 7236 --- [http-nio-8081-exec-1] c.mapper.UserMapper.selectByPrimaryKey   : ==> Parameters: 1(Long)
2021-08-19 09:41:08.352 DEBUG 7236 --- [http-nio-8081-exec-1] c.mapper.UserMapper.selectByPrimaryKey   : <==      Total: 1
2021-08-19 09:41:08.353 DEBUG 7236 --- [http-nio-8081-exec-1] c.mapper.UserMapper.selectByPrimaryKey   : ==>  Preparing: select id, account_id, name, token, gmt_create, gmt_modified, avatar_url from user where id = ? 
2021-08-19 09:41:08.353 DEBUG 7236 --- [http-nio-8081-exec-1] c.mapper.UserMapper.selectByPrimaryKey   : ==> Parameters: 1(Long)
2021-08-19 09:41:08.355 DEBUG 7236 --- [http-nio-8081-exec-1] c.mapper.UserMapper.selectByPrimaryKey   : <==      Total: 1
2021-08-19 09:41:08.356 DEBUG 7236 --- [http-nio-8081-exec-1] c.mapper.UserMapper.selectByPrimaryKey   : ==>  Preparing: select id, account_id, name, token, gmt_create, gmt_modified, avatar_url from user where id = ? 
2021-08-19 09:41:08.356 DEBUG 7236 --- [http-nio-8081-exec-1] c.mapper.UserMapper.selectByPrimaryKey   : ==> Parameters: 1(Long)
2021-08-19 09:41:08.358 DEBUG 7236 --- [http-nio-8081-exec-1] c.mapper.UserMapper.selectByPrimaryKey   : <==      Total: 1
2021-08-19 09:41:20.018 DEBUG 7236 --- [http-nio-8081-exec-9] c.m.QuestionExtMapper.countBySearch      : ==>  Preparing: select count(*) from question 
2021-08-19 09:41:20.018 DEBUG 7236 --- [http-nio-8081-exec-9] c.m.QuestionExtMapper.countBySearch      : ==> Parameters: 
2021-08-19 09:41:20.020 DEBUG 7236 --- [http-nio-8081-exec-9] c.m.QuestionExtMapper.countBySearch      : <==      Total: 1
2021-08-19 09:41:20.022 DEBUG 7236 --- [http-nio-8081-exec-9] c.m.QuestionExtMapper.selectBySearch     : ==>  Preparing: select * from question order by gmt_create desc limit ?,? 
2021-08-19 09:41:20.022 DEBUG 7236 --- [http-nio-8081-exec-9] c.m.QuestionExtMapper.selectBySearch     : ==> Parameters: 5(Integer), 5(Integer)
2021-08-19 09:41:20.024 DEBUG 7236 --- [http-nio-8081-exec-9] c.m.QuestionExtMapper.selectBySearch     : <==      Total: 5
2021-08-19 09:41:20.025 DEBUG 7236 --- [http-nio-8081-exec-9] c.mapper.UserMapper.selectByPrimaryKey   : ==>  Preparing: select id, account_id, name, token, gmt_create, gmt_modified, avatar_url from user where id = ? 
2021-08-19 09:41:20.026 DEBUG 7236 --- [http-nio-8081-exec-9] c.mapper.UserMapper.selectByPrimaryKey   : ==> Parameters: 1(Long)
2021-08-19 09:41:20.028 DEBUG 7236 --- [http-nio-8081-exec-9] c.mapper.UserMapper.selectByPrimaryKey   : <==      Total: 1
2021-08-19 09:41:20.029 DEBUG 7236 --- [http-nio-8081-exec-9] c.mapper.UserMapper.selectByPrimaryKey   : ==>  Preparing: select id, account_id, name, token, gmt_create, gmt_modified, avatar_url from user where id = ? 
2021-08-19 09:41:20.029 DEBUG 7236 --- [http-nio-8081-exec-9] c.mapper.UserMapper.selectByPrimaryKey   : ==> Parameters: 1(Long)
2021-08-19 09:41:20.032 DEBUG 7236 --- [http-nio-8081-exec-9] c.mapper.UserMapper.selectByPrimaryKey   : <==      Total: 1
2021-08-19 09:41:20.033 DEBUG 7236 --- [http-nio-8081-exec-9] c.mapper.UserMapper.selectByPrimaryKey   : ==>  Preparing: select id, account_id, name, token, gmt_create, gmt_modified, avatar_url from user where id = ? 
2021-08-19 09:41:20.033 DEBUG 7236 --- [http-nio-8081-exec-9] c.mapper.UserMapper.selectByPrimaryKey   : ==> Parameters: 1(Long)
2021-08-19 09:41:20.034 DEBUG 7236 --- [http-nio-8081-exec-9] c.mapper.UserMapper.selectByPrimaryKey   : <==      Total: 1
2021-08-19 09:41:20.035 DEBUG 7236 --- [http-nio-8081-exec-9] c.mapper.UserMapper.selectByPrimaryKey   : ==>  Preparing: select id, account_id, name, token, gmt_create, gmt_modified, avatar_url from user where id = ? 
2021-08-19 09:41:20.036 DEBUG 7236 --- [http-nio-8081-exec-9] c.mapper.UserMapper.selectByPrimaryKey   : ==> Parameters: 1(Long)
2021-08-19 09:41:20.037 DEBUG 7236 --- [http-nio-8081-exec-9] c.mapper.UserMapper.selectByPrimaryKey   : <==      Total: 1
2021-08-19 09:41:20.038 DEBUG 7236 --- [http-nio-8081-exec-9] c.mapper.UserMapper.selectByPrimaryKey   : ==>  Preparing: select id, account_id, name, token, gmt_create, gmt_modified, avatar_url from user where id = ? 
2021-08-19 09:41:20.038 DEBUG 7236 --- [http-nio-8081-exec-9] c.mapper.UserMapper.selectByPrimaryKey   : ==> Parameters: 1(Long)
2021-08-19 09:41:20.039 DEBUG 7236 --- [http-nio-8081-exec-9] c.mapper.UserMapper.selectByPrimaryKey   : <==      Total: 1
2021-08-19 09:41:21.894 DEBUG 7236 --- [http-nio-8081-exec-10] c.m.QuestionExtMapper.countBySearch      : ==>  Preparing: select count(*) from question 
2021-08-19 09:41:21.894 DEBUG 7236 --- [http-nio-8081-exec-10] c.m.QuestionExtMapper.countBySearch      : ==> Parameters: 
2021-08-19 09:41:21.897 DEBUG 7236 --- [http-nio-8081-exec-10] c.m.QuestionExtMapper.countBySearch      : <==      Total: 1
2021-08-19 09:41:21.899 DEBUG 7236 --- [http-nio-8081-exec-10] c.m.QuestionExtMapper.selectBySearch     : ==>  Preparing: select * from question order by gmt_create desc limit ?,? 
2021-08-19 09:41:21.900 DEBUG 7236 --- [http-nio-8081-exec-10] c.m.QuestionExtMapper.selectBySearch     : ==> Parameters: 10(Integer), 5(Integer)
2021-08-19 09:41:21.902 DEBUG 7236 --- [http-nio-8081-exec-10] c.m.QuestionExtMapper.selectBySearch     : <==      Total: 5
2021-08-19 09:41:21.903 DEBUG 7236 --- [http-nio-8081-exec-10] c.mapper.UserMapper.selectByPrimaryKey   : ==>  Preparing: select id, account_id, name, token, gmt_create, gmt_modified, avatar_url from user where id = ? 
2021-08-19 09:41:21.904 DEBUG 7236 --- [http-nio-8081-exec-10] c.mapper.UserMapper.selectByPrimaryKey   : ==> Parameters: 1(Long)
2021-08-19 09:41:21.905 DEBUG 7236 --- [http-nio-8081-exec-10] c.mapper.UserMapper.selectByPrimaryKey   : <==      Total: 1
2021-08-19 09:41:21.905 DEBUG 7236 --- [http-nio-8081-exec-10] c.mapper.UserMapper.selectByPrimaryKey   : ==>  Preparing: select id, account_id, name, token, gmt_create, gmt_modified, avatar_url from user where id = ? 
2021-08-19 09:41:21.905 DEBUG 7236 --- [http-nio-8081-exec-10] c.mapper.UserMapper.selectByPrimaryKey   : ==> Parameters: 1(Long)
2021-08-19 09:41:21.906 DEBUG 7236 --- [http-nio-8081-exec-10] c.mapper.UserMapper.selectByPrimaryKey   : <==      Total: 1
2021-08-19 09:41:21.907 DEBUG 7236 --- [http-nio-8081-exec-10] c.mapper.UserMapper.selectByPrimaryKey   : ==>  Preparing: select id, account_id, name, token, gmt_create, gmt_modified, avatar_url from user where id = ? 
2021-08-19 09:41:21.908 DEBUG 7236 --- [http-nio-8081-exec-10] c.mapper.UserMapper.selectByPrimaryKey   : ==> Parameters: 1(Long)
2021-08-19 09:41:21.909 DEBUG 7236 --- [http-nio-8081-exec-10] c.mapper.UserMapper.selectByPrimaryKey   : <==      Total: 1
2021-08-19 09:41:21.910 DEBUG 7236 --- [http-nio-8081-exec-10] c.mapper.UserMapper.selectByPrimaryKey   : ==>  Preparing: select id, account_id, name, token, gmt_create, gmt_modified, avatar_url from user where id = ? 
2021-08-19 09:41:21.910 DEBUG 7236 --- [http-nio-8081-exec-10] c.mapper.UserMapper.selectByPrimaryKey   : ==> Parameters: 1(Long)
2021-08-19 09:41:21.911 DEBUG 7236 --- [http-nio-8081-exec-10] c.mapper.UserMapper.selectByPrimaryKey   : <==      Total: 1
2021-08-19 09:41:21.912 DEBUG 7236 --- [http-nio-8081-exec-10] c.mapper.UserMapper.selectByPrimaryKey   : ==>  Preparing: select id, account_id, name, token, gmt_create, gmt_modified, avatar_url from user where id = ? 
2021-08-19 09:41:21.912 DEBUG 7236 --- [http-nio-8081-exec-10] c.mapper.UserMapper.selectByPrimaryKey   : ==> Parameters: 1(Long)
2021-08-19 09:41:21.913 DEBUG 7236 --- [http-nio-8081-exec-10] c.mapper.UserMapper.selectByPrimaryKey   : <==      Total: 1
2021-08-19 09:41:23.159 DEBUG 7236 --- [http-nio-8081-exec-1] c.m.QuestionExtMapper.countBySearch      : ==>  Preparing: select count(*) from question 
2021-08-19 09:41:23.160 DEBUG 7236 --- [http-nio-8081-exec-1] c.m.QuestionExtMapper.countBySearch      : ==> Parameters: 
2021-08-19 09:41:23.162 DEBUG 7236 --- [http-nio-8081-exec-1] c.m.QuestionExtMapper.countBySearch      : <==      Total: 1
2021-08-19 09:41:23.165 DEBUG 7236 --- [http-nio-8081-exec-1] c.m.QuestionExtMapper.selectBySearch     : ==>  Preparing: select * from question order by gmt_create desc limit ?,? 
2021-08-19 09:41:23.165 DEBUG 7236 --- [http-nio-8081-exec-1] c.m.QuestionExtMapper.selectBySearch     : ==> Parameters: 5(Integer), 5(Integer)
2021-08-19 09:41:23.168 DEBUG 7236 --- [http-nio-8081-exec-1] c.m.QuestionExtMapper.selectBySearch     : <==      Total: 5
2021-08-19 09:41:23.169 DEBUG 7236 --- [http-nio-8081-exec-1] c.mapper.UserMapper.selectByPrimaryKey   : ==>  Preparing: select id, account_id, name, token, gmt_create, gmt_modified, avatar_url from user where id = ? 
2021-08-19 09:41:23.169 DEBUG 7236 --- [http-nio-8081-exec-1] c.mapper.UserMapper.selectByPrimaryKey   : ==> Parameters: 1(Long)
2021-08-19 09:41:23.171 DEBUG 7236 --- [http-nio-8081-exec-1] c.mapper.UserMapper.selectByPrimaryKey   : <==      Total: 1
2021-08-19 09:41:23.173 DEBUG 7236 --- [http-nio-8081-exec-1] c.mapper.UserMapper.selectByPrimaryKey   : ==>  Preparing: select id, account_id, name, token, gmt_create, gmt_modified, avatar_url from user where id = ? 
2021-08-19 09:41:23.174 DEBUG 7236 --- [http-nio-8081-exec-1] c.mapper.UserMapper.selectByPrimaryKey   : ==> Parameters: 1(Long)
2021-08-19 09:41:23.175 DEBUG 7236 --- [http-nio-8081-exec-1] c.mapper.UserMapper.selectByPrimaryKey   : <==      Total: 1
2021-08-19 09:41:23.176 DEBUG 7236 --- [http-nio-8081-exec-1] c.mapper.UserMapper.selectByPrimaryKey   : ==>  Preparing: select id, account_id, name, token, gmt_create, gmt_modified, avatar_url from user where id = ? 
2021-08-19 09:41:23.177 DEBUG 7236 --- [http-nio-8081-exec-1] c.mapper.UserMapper.selectByPrimaryKey   : ==> Parameters: 1(Long)
2021-08-19 09:41:23.178 DEBUG 7236 --- [http-nio-8081-exec-1] c.mapper.UserMapper.selectByPrimaryKey   : <==      Total: 1
2021-08-19 09:41:23.178 DEBUG 7236 --- [http-nio-8081-exec-1] c.mapper.UserMapper.selectByPrimaryKey   : ==>  Preparing: select id, account_id, name, token, gmt_create, gmt_modified, avatar_url from user where id = ? 
2021-08-19 09:41:23.179 DEBUG 7236 --- [http-nio-8081-exec-1] c.mapper.UserMapper.selectByPrimaryKey   : ==> Parameters: 1(Long)
2021-08-19 09:41:23.182 DEBUG 7236 --- [http-nio-8081-exec-1] c.mapper.UserMapper.selectByPrimaryKey   : <==      Total: 1
2021-08-19 09:41:23.182 DEBUG 7236 --- [http-nio-8081-exec-1] c.mapper.UserMapper.selectByPrimaryKey   : ==>  Preparing: select id, account_id, name, token, gmt_create, gmt_modified, avatar_url from user where id = ? 
2021-08-19 09:41:23.183 DEBUG 7236 --- [http-nio-8081-exec-1] c.mapper.UserMapper.selectByPrimaryKey   : ==> Parameters: 1(Long)
2021-08-19 09:41:23.184 DEBUG 7236 --- [http-nio-8081-exec-1] c.mapper.UserMapper.selectByPrimaryKey   : <==      Total: 1
2021-08-19 09:41:23.863 DEBUG 7236 --- [http-nio-8081-exec-3] c.m.QuestionExtMapper.countBySearch      : ==>  Preparing: select count(*) from question 
2021-08-19 09:41:23.864 DEBUG 7236 --- [http-nio-8081-exec-3] c.m.QuestionExtMapper.countBySearch      : ==> Parameters: 
2021-08-19 09:41:23.865 DEBUG 7236 --- [http-nio-8081-exec-3] c.m.QuestionExtMapper.countBySearch      : <==      Total: 1
2021-08-19 09:41:23.868 DEBUG 7236 --- [http-nio-8081-exec-3] c.m.QuestionExtMapper.selectBySearch     : ==>  Preparing: select * from question order by gmt_create desc limit ?,? 
2021-08-19 09:41:23.868 DEBUG 7236 --- [http-nio-8081-exec-3] c.m.QuestionExtMapper.selectBySearch     : ==> Parameters: 0(Integer), 5(Integer)
2021-08-19 09:41:23.870 DEBUG 7236 --- [http-nio-8081-exec-3] c.m.QuestionExtMapper.selectBySearch     : <==      Total: 5
2021-08-19 09:41:23.870 DEBUG 7236 --- [http-nio-8081-exec-3] c.mapper.UserMapper.selectByPrimaryKey   : ==>  Preparing: select id, account_id, name, token, gmt_create, gmt_modified, avatar_url from user where id = ? 
2021-08-19 09:41:23.870 DEBUG 7236 --- [http-nio-8081-exec-3] c.mapper.UserMapper.selectByPrimaryKey   : ==> Parameters: 1(Long)
2021-08-19 09:41:23.871 DEBUG 7236 --- [http-nio-8081-exec-3] c.mapper.UserMapper.selectByPrimaryKey   : <==      Total: 1
2021-08-19 09:41:23.872 DEBUG 7236 --- [http-nio-8081-exec-3] c.mapper.UserMapper.selectByPrimaryKey   : ==>  Preparing: select id, account_id, name, token, gmt_create, gmt_modified, avatar_url from user where id = ? 
2021-08-19 09:41:23.872 DEBUG 7236 --- [http-nio-8081-exec-3] c.mapper.UserMapper.selectByPrimaryKey   : ==> Parameters: 1(Long)
2021-08-19 09:41:23.873 DEBUG 7236 --- [http-nio-8081-exec-3] c.mapper.UserMapper.selectByPrimaryKey   : <==      Total: 1
2021-08-19 09:41:23.874 DEBUG 7236 --- [http-nio-8081-exec-3] c.mapper.UserMapper.selectByPrimaryKey   : ==>  Preparing: select id, account_id, name, token, gmt_create, gmt_modified, avatar_url from user where id = ? 
2021-08-19 09:41:23.875 DEBUG 7236 --- [http-nio-8081-exec-3] c.mapper.UserMapper.selectByPrimaryKey   : ==> Parameters: 1(Long)
2021-08-19 09:41:23.876 DEBUG 7236 --- [http-nio-8081-exec-3] c.mapper.UserMapper.selectByPrimaryKey   : <==      Total: 1
2021-08-19 09:41:23.877 DEBUG 7236 --- [http-nio-8081-exec-3] c.mapper.UserMapper.selectByPrimaryKey   : ==>  Preparing: select id, account_id, name, token, gmt_create, gmt_modified, avatar_url from user where id = ? 
2021-08-19 09:41:23.877 DEBUG 7236 --- [http-nio-8081-exec-3] c.mapper.UserMapper.selectByPrimaryKey   : ==> Parameters: 1(Long)
2021-08-19 09:41:23.878 DEBUG 7236 --- [http-nio-8081-exec-3] c.mapper.UserMapper.selectByPrimaryKey   : <==      Total: 1
2021-08-19 09:41:23.878 DEBUG 7236 --- [http-nio-8081-exec-3] c.mapper.UserMapper.selectByPrimaryKey   : ==>  Preparing: select id, account_id, name, token, gmt_create, gmt_modified, avatar_url from user where id = ? 
2021-08-19 09:41:23.878 DEBUG 7236 --- [http-nio-8081-exec-3] c.mapper.UserMapper.selectByPrimaryKey   : ==> Parameters: 1(Long)
2021-08-19 09:41:23.881 DEBUG 7236 --- [http-nio-8081-exec-3] c.mapper.UserMapper.selectByPrimaryKey   : <==      Total: 1
